Determining if the pthread_create exist failed with the following output:
Change Dir: /home/radoslaw/BuildSystems/Exercises/task3/CMakeFiles/CMakeTmp

Run Build Command:"/usr/bin/make" "cmTC_7e1fb/fast"
/usr/bin/make -f CMakeFiles/cmTC_7e1fb.dir/build.make CMakeFiles/cmTC_7e1fb.dir/build
make[1]: Wejście do katalogu '/home/radoslaw/BuildSystems/Exercises/task3/CMakeFiles/CMakeTmp'
Building C object CMakeFiles/cmTC_7e1fb.dir/CheckSymbolExists.c.o
/usr/bin/cc     -o CMakeFiles/cmTC_7e1fb.dir/CheckSymbolExists.c.o   -c /home/radoslaw/BuildSystems/Exercises/task3/CMakeFiles/CMakeTmp/CheckSymbolExists.c
Linking C executable cmTC_7e1fb
/usr/bin/cmake -E cmake_link_script CMakeFiles/cmTC_7e1fb.dir/link.txt --verbose=1
/usr/bin/cc       CMakeFiles/cmTC_7e1fb.dir/CheckSymbolExists.c.o  -o cmTC_7e1fb 
CMakeFiles/cmTC_7e1fb.dir/CheckSymbolExists.c.o: In function `main':
CheckSymbolExists.c:(.text+0x16): undefined reference to `pthread_create'
collect2: error: ld returned 1 exit status
CMakeFiles/cmTC_7e1fb.dir/build.make:97: polecenia dla obiektu 'cmTC_7e1fb' nie powiodły się
make[1]: *** [cmTC_7e1fb] Błąd 1
make[1]: Opuszczenie katalogu '/home/radoslaw/BuildSystems/Exercises/task3/CMakeFiles/CMakeTmp'
Makefile:126: polecenia dla obiektu 'cmTC_7e1fb/fast' nie powiodły się
make: *** [cmTC_7e1fb/fast] Błąd 2

File /home/radoslaw/BuildSystems/Exercises/task3/CMakeFiles/CMakeTmp/CheckSymbolExists.c:
/* */
#include <pthread.h>

int main(int argc, char** argv)
{
  (void)argv;
#ifndef pthread_create
  return ((int*)(&pthread_create))[argc];
#else
  (void)argc;
  return 0;
#endif
}

Determining if the function pthread_create exists in the pthreads failed with the following output:
Change Dir: /home/radoslaw/BuildSystems/Exercises/task3/CMakeFiles/CMakeTmp

Run Build Command:"/usr/bin/make" "cmTC_3676d/fast"
/usr/bin/make -f CMakeFiles/cmTC_3676d.dir/build.make CMakeFiles/cmTC_3676d.dir/build
make[1]: Wejście do katalogu '/home/radoslaw/BuildSystems/Exercises/task3/CMakeFiles/CMakeTmp'
Building C object CMakeFiles/cmTC_3676d.dir/CheckFunctionExists.c.o
/usr/bin/cc    -DCHECK_FUNCTION_EXISTS=pthread_create   -o CMakeFiles/cmTC_3676d.dir/CheckFunctionExists.c.o   -c /usr/share/cmake-3.5/Modules/CheckFunctionExists.c
Linking C executable cmTC_3676d
/usr/bin/cmake -E cmake_link_script CMakeFiles/cmTC_3676d.dir/link.txt --verbose=1
/usr/bin/cc   -DCHECK_FUNCTION_EXISTS=pthread_create    CMakeFiles/cmTC_3676d.dir/CheckFunctionExists.c.o  -o cmTC_3676d -lpthreads 
/usr/bin/ld: cannot find -lpthreads
collect2: error: ld returned 1 exit status
CMakeFiles/cmTC_3676d.dir/build.make:97: polecenia dla obiektu 'cmTC_3676d' nie powiodły się
make[1]: *** [cmTC_3676d] Błąd 1
make[1]: Opuszczenie katalogu '/home/radoslaw/BuildSystems/Exercises/task3/CMakeFiles/CMakeTmp'
Makefile:126: polecenia dla obiektu 'cmTC_3676d/fast' nie powiodły się
make: *** [cmTC_3676d/fast] Błąd 2


